Database connected & synced
Server running on http://localhost:5400
API available at http://localhost:5400/api
[0mGET /dashboard.html [36m304[0m 11.961 ms - -[0m
[0mGET /assets/css/style.css [36m304[0m 1.297 ms - -[0m
[0mGET /assets/js/main.js [36m304[0m 1.240 ms - -[0m
[0mGET /assets/js/dashboard.js [32m200[0m 5.303 ms - 4637[0m
[0mGET /api/dashboard/kpi [32m200[0m 59.783 ms - 1647[0m
[0mGET /api/dashboard/charts/trend [36m304[0m 43.872 ms - -[0m
[0mGET /api/dashboard/charts/distribution [36m304[0m 17.088 ms - -[0m
[0mGET /dashboard.html [36m304[0m 1.617 ms - -[0m
[0mGET /assets/css/style.css [36m304[0m 1.269 ms - -[0m
[0mGET /assets/js/main.js [36m304[0m 0.965 ms - -[0m
[0mGET /assets/js/dashboard.js [32m200[0m 2.175 ms - 4803[0m
[0mGET /api/dashboard/kpi [32m200[0m 19.604 ms - 1908[0m
[0mGET /api/dashboard/charts/trend [36m304[0m 12.822 ms - -[0m
[0mGET /api/dashboard/charts/distribution [36m304[0m 15.333 ms - -[0m
[0mGET /assessment-history.html [36m304[0m 0.760 ms - -[0m
[0mGET /assets/css/style.css [36m304[0m 0.689 ms - -[0m
[0mGET /assets/js/main.js [36m304[0m 0.325 ms - -[0m
[0mGET /api/assessments? [32m200[0m 30.619 ms - 28094[0m
[0mGET /profile.html [36m304[0m 0.564 ms - -[0m
[0mGET /assets/css/style.css [36m304[0m 0.691 ms - -[0m
[0mGET /assets/js/main.js [36m304[0m 0.799 ms - -[0m
[0mGET /assets/js/profile.js [36m304[0m 1.254 ms - -[0m
[0mGET /api/dashboard/kpi [36m304[0m 14.138 ms - -[0m
[0mGET /dashboard.html [36m304[0m 1.039 ms - -[0m
[0mGET /assets/css/style.css [36m304[0m 0.575 ms - -[0m
[0mGET /assets/js/main.js [36m304[0m 0.855 ms - -[0m
[0mGET /assets/js/dashboard.js [36m304[0m 1.181 ms - -[0m
[0mGET /api/dashboard/kpi [36m304[0m 15.958 ms - -[0m
[0mGET /api/dashboard/charts/trend [36m304[0m 11.820 ms - -[0m
[0mGET /api/dashboard/charts/distribution [36m304[0m 9.734 ms - -[0m
[0mGET /assessment-new.html [36m304[0m 0.614 ms - -[0m
[0mGET /assets/css/style.css [36m304[0m 1.083 ms - -[0m
[0mGET /assets/js/main.js [36m304[0m 2.561 ms - -[0m
[0mGET /assets/js/assessment.js [36m304[0m 3.389 ms - -[0m
CV Detector initialized successfully with updated Excel sheet. Category sizes: [
  'tv: 5',
  'ac: 4',
  'fridge: 4',
  'washing machine: 4',
  'fan: 4',
  'laptop: 5',
  'mobile: 175',
  'monitor: 4',
  'keyboard: 4',
  'mouse: 4',
  'desktop: 4',
  'server: 4',
  'tablet: 4',
  'printer: 4',
  'router: 4',
  'microwave oven: 4',
  'music system: 4',
  'rice cooker: 4',
  'induction stove: 4',
  'mixer grinder: 4',
  'vacuum cleaner: 4',
  'iron box: 4',
  'water purifier: 4',
  'geyser: 4',
  'drilling machine: 4',
  'welding machine: 4',
  'power tools: 4',
  'testing equipment: 4',
  'gaming console: 4',
  'drone: 4',
  'electronic toys: 4',
  'treadmill: 4',
  'exercise equipment: 4',
  'led bulb: 4',
  'tube light: 4',
  'emergency light: 4',
  'street light: 4',
  'decorative lighting: 4',
  'blood pressure monitor: 4',
  'thermometer: 4',
  'pulse oximeter: 4',
  'nebulizer: 4',
  'glucose meter: 4',
  'ecg device: 4'
]
[0mGET /api/assessments/catalog/Exercise%20Equipment [32m200[0m 129.004 ms - 500[0m
[0mPOST /api/assessments/ai-analyze [32m200[0m 25.303 ms - 228[0m
[0mPOST /api/assessments [32m201[0m 35.316 ms - 886[0m
[0mPUT /api/assessments/178/details [32m200[0m 12.082 ms - 375[0m
[0mPOST /api/assessments/178/submit [32m200[0m 16.812 ms - 1622[0m
[0mGET /assessment-history.html [36m304[0m 0.564 ms - -[0m
[0mGET /assets/css/style.css [36m304[0m 0.880 ms - -[0m
[0mGET /assets/js/main.js [36m304[0m 0.290 ms - -[0m
[0mGET /api/assessments? [32m200[0m 16.118 ms - 28173[0m
[0mGET /api/assessments/178 [32m200[0m 14.679 ms - 2064[0m
[0mGET /approved-deals.html [32m200[0m 1.804 ms - 7349[0m
[0mGET /assets/css/style.css [36m304[0m 0.764 ms - -[0m
[0mGET /assets/js/main.js [36m304[0m 0.726 ms - -[0m
[0mGET /assets/js/approved-deals.js [32m200[0m 4.704 ms - 14493[0m
[0mGET /api/hr/approved [33m403[0m 9.631 ms - 49[0m
[0mGET /api/hr/facilities [32m200[0m 15.880 ms - 522[0m
[0mGET /dashboard.html [36m304[0m 0.521 ms - -[0m
[0mGET /assets/css/style.css [36m304[0m 1.606 ms - -[0m
[0mGET /assets/js/main.js [36m304[0m 0.651 ms - -[0m
[0mGET /assets/js/dashboard.js [36m304[0m 1.168 ms - -[0m
[0mGET /api/dashboard/kpi [32m200[0m 15.073 ms - 2350[0m
[0mGET /api/dashboard/charts/trend [32m200[0m 12.673 ms - 70[0m
[0mGET /api/dashboard/charts/distribution [36m304[0m 11.560 ms - -[0m
